This is pdfTeX, Version 3.1415926-2.5-1.40.14 (TeX Live 2013/Debian) (format=pdflatex 2016.6.17)  3 JAN 2017 11:40
entering extended mode
 restricted \write18 enabled.
 file:line:error style messages enabled.
 %&-line parsing enabled.
**plot_all_archs.tex
(./plot_all_archs.tex
LaTeX2e <2011/06/27>
Babel <3.9h> and hyphenation patterns for 4 languages loaded.
./plot_all_archs.tex:31: Undefined control sequence.
l.31 \foreach
              \filename/\accarglist/\maxsize/\basearch/\cplxarglist in {%
The control sequence at the end of the top line
of your error message was never \def'ed. If you have
misspelled it (e.g., `\hobx'), type `I' and the correct
spelling (e.g., `I\hbox'). Otherwise just continue,
and I'll forget about whatever was undefined.

./plot_all_archs.tex:31: Undefined control sequence.
l.31 \foreach \filename
                       /\accarglist/\maxsize/\basearch/\cplxarglist in {%
The control sequence at the end of the top line
of your error message was never \def'ed. If you have
misspelled it (e.g., `\hobx'), type `I' and the correct
spelling (e.g., `I\hbox'). Otherwise just continue,
and I'll forget about whatever was undefined.


./plot_all_archs.tex:31: LaTeX Error: Missing \begin{document}.

See the LaTeX manual or LaTeX Companion for explanation.
Type  H <return>  for immediate help.
 ...                                              
                                                  
l.31 \foreach \filename/
                        \accarglist/\maxsize/\basearch/\cplxarglist in {%
You're in trouble here.  Try typing  <return>  to proceed.
If that doesn't work, type  X <return>  to quit.

Missing character: There is no / in font nullfont!
./plot_all_archs.tex:31: Undefined control sequence.
l.31 \foreach \filename/\accarglist
                                   /\maxsize/\basearch/\cplxarglist in {%
The control sequence at the end of the top line
of your error message was never \def'ed. If you have
misspelled it (e.g., `\hobx'), type `I' and the correct
spelling (e.g., `I\hbox'). Otherwise just continue,
and I'll forget about whatever was undefined.

Missing character: There is no / in font nullfont!
./plot_all_archs.tex:31: Undefined control sequence.
l.31 \foreach \filename/\accarglist/\maxsize
                                            /\basearch/\cplxarglist in {%
The control sequence at the end of the top line
of your error message was never \def'ed. If you have
misspelled it (e.g., `\hobx'), type `I' and the correct
spelling (e.g., `I\hbox'). Otherwise just continue,
and I'll forget about whatever was undefined.

Missing character: There is no / in font nullfont!
./plot_all_archs.tex:31: Undefined control sequence.
l.31 ...h \filename/\accarglist/\maxsize/\basearch
                                                  /\cplxarglist in {%
The control sequence at the end of the top line
of your error message was never \def'ed. If you have
misspelled it (e.g., `\hobx'), type `I' and the correct
spelling (e.g., `I\hbox'). Otherwise just continue,
and I'll forget about whatever was undefined.

Missing character: There is no / in font nullfont!
./plot_all_archs.tex:31: Undefined control sequence.
l.31 ...accarglist/\maxsize/\basearch/\cplxarglist
                                                   in {%
The control sequence at the end of the top line
of your error message was never \def'ed. If you have
misspelled it (e.g., `\hobx'), type `I' and the correct
spelling (e.g., `I\hbox'). Otherwise just continue,
and I'll forget about whatever was undefined.

Missing character: There is no i in font nullfont!
Missing character: There is no n in font nullfont!
Missing character: There is no r in font nullfont!
Missing character: There is no e in font nullfont!
Missing character: There is no s in font nullfont!
Missing character: There is no n in font nullfont!
Missing character: There is no e in font nullfont!
Missing character: There is no t in font nullfont!
Missing character: There is no 1 in font nullfont!
Missing character: There is no 0 in font nullfont!
Missing character: There is no - in font nullfont!
Missing character: There is no s in font nullfont!
Missing character: There is no q in font nullfont!
Missing character: There is no u in font nullfont!
Missing character: There is no a in font nullfont!
Missing character: There is no r in font nullfont!
Missing character: There is no e in font nullfont!
Missing character: There is no - in font nullfont!
Missing character: There is no 2 in font nullfont!
Missing character: There is no 0 in font nullfont!
Missing character: There is no - in font nullfont!
Missing character: There is no s in font nullfont!
Missing character: There is no i in font nullfont!
Missing character: There is no z in font nullfont!
Missing character: There is no e in font nullfont!
Missing character: There is no - in font nullfont!
Missing character: There is no a in font nullfont!
Missing character: There is no d in font nullfont!
Missing character: There is no a in font nullfont!
Missing character: There is no m in font nullfont!
Missing character: There is no / in font nullfont!
Missing character: There is no - in font nullfont!
Missing character: There is no 4 in font nullfont!
Missing character: There is no / in font nullfont!
Missing character: There is no a in font nullfont!
Missing character: There is no 1 in font nullfont!
Missing character: There is no / in font nullfont!
Missing character: There is no - in font nullfont!
Missing character: There is no 4 in font nullfont!
Missing character: There is no , in font nullfont!
Missing character: There is no - in font nullfont!
Missing character: There is no 3 in font nullfont!
Missing character: There is no / in font nullfont!
Missing character: There is no a in font nullfont!
Missing character: There is no 2 in font nullfont!
Missing character: There is no / in font nullfont!
Missing character: There is no - in font nullfont!
Missing character: There is no 3 in font nullfont!
Missing character: There is no , in font nullfont!
Missing character: There is no - in font nullfont!
Missing character: There is no 2 in font nullfont!
Missing character: There is no / in font nullfont!
Missing character: There is no a in font nullfont!
Missing character: There is no 3 in font nullfont!
Missing character: There is no / in font nullfont!
Missing character: There is no - in font nullfont!
Missing character: There is no 2 in font nullfont!
Missing character: There is no , in font nullfont!
Missing character: There is no - in font nullfont!
Missing character: There is no 1 in font nullfont!
Missing character: There is no / in font nullfont!
Missing character: There is no a in font nullfont!
Missing character: There is no 4 in font nullfont!
Missing character: There is no / in font nullfont!
Missing character: There is no - in font nullfont!
Missing character: There is no 1 in font nullfont!
Missing character: There is no / in font nullfont!
Missing character: There is no 2 in font nullfont!
Missing character: There is no 0 in font nullfont!
Missing character: There is no / in font nullfont!
Missing character: There is no ( in font nullfont!
Missing character: There is no 1 in font nullfont!
Missing character: There is no , in font nullfont!
Missing character: There is no 6 in font nullfont!
Missing character: There is no 4 in font nullfont!
Missing character: There is no ) in font nullfont!
Missing character: There is no ( in font nullfont!
Missing character: There is no 9 in font nullfont!
Missing character: There is no , in font nullfont!
Missing character: There is no 6 in font nullfont!
Missing character: There is no 4 in font nullfont!
Missing character: There is no ) in font nullfont!
Missing character: There is no / in font nullfont!
Missing character: There is no - in font nullfont!
Missing character: There is no 2 in font nullfont!
Missing character: There is no . in font nullfont!
Missing character: There is no 0 in font nullfont!
Missing character: There is no 0 in font nullfont!
Missing character: There is no / in font nullfont!
Missing character: There is no t in font nullfont!
Missing character: There is no a in font nullfont!
Missing character: There is no u in font nullfont!
./plot_all_archs.tex:39: Missing $ inserted.
<inserted text> 
                $
l.39   20/{(1,64) (9,64)}/{-2.00/tau_
                                     e-0,-2.00/tau_e-1,-2.00/tau_e-2,-2.00/t...
I've inserted a begin-math/end-math symbol since I think
you left one out. Proceed, with fingers crossed.

LaTeX Font Info:    External font `cmex10' loaded for size
(Font)              <7> on input line 39.
LaTeX Font Info:    External font `cmex10' loaded for size
(Font)              <5> on input line 39.
./plot_all_archs.tex:39: Extra }, or forgotten $.
l.39 ...-2.00/tau_e-3,-2.00/tau_e-4,-2.00/tau_e-5}
                                                  ,%
I've deleted a group-closing symbol because it seems to be
spurious, as in `$x}$'. But perhaps the } is legitimate and
you forgot something else, as in `\hbox{$x}'. In such cases
the way to recover is to insert both the forgotten and the
deleted material, e.g., by typing `I$}'.

./plot_all_archs.tex:56: Extra }, or forgotten $.
l.56 }
      
I've deleted a group-closing symbol because it seems to be
spurious, as in `$x}$'. But perhaps the } is legitimate and
you forgot something else, as in `\hbox{$x}'. In such cases
the way to recover is to insert both the forgotten and the
deleted material, e.g., by typing `I$}'.

./plot_all_archs.tex:59: Undefined control sequence.
l.59   \section
               {\filename}
The control sequence at the end of the top line
of your error message was never \def'ed. If you have
misspelled it (e.g., `\hobx'), type `I' and the correct
spelling (e.g., `I\hbox'). Otherwise just continue,
and I'll forget about whatever was undefined.

./plot_all_archs.tex:59: Undefined control sequence.
l.59   \section{\filename
                         }
The control sequence at the end of the top line
of your error message was never \def'ed. If you have
misspelled it (e.g., `\hobx'), type `I' and the correct
spelling (e.g., `I\hbox'). Otherwise just continue,
and I'll forget about whatever was undefined.


./plot_all_archs.tex:62: LaTeX Error: Environment tikzpicture undefined.

See the LaTeX manual or LaTeX Companion for explanation.
Type  H <return>  for immediate help.
 ...                                              
                                                  
l.62     \begin{tikzpicture}
                            
Your command was ignored.
Type  I <command> <return>  to replace it with another command,
or  <return>  to continue without it.


./plot_all_archs.tex:63: LaTeX Error: Environment axis undefined.

See the LaTeX manual or LaTeX Companion for explanation.
Type  H <return>  for immediate help.
 ...                                              
                                                  
l.63       \begin{axis}
                       [cplxaccplot,height=0.4*\linewidth, xmode=log]
Your command was ignored.
Type  I <command> <return>  to replace it with another command,
or  <return>  to continue without it.

./plot_all_archs.tex:63: Illegal unit of measure (pt inserted).
<to be read again> 
                   x
l.63 ...axis}[cplxaccplot,height=0.4*\linewidth, x
                                                  mode=log]
Dimensions can be in units of em, ex, in, pt, pc,
cm, mm, dd, cc, nd, nc, bp, or sp; but yours is a new one!
I'll assume that you meant to say pt, for printer's points.
To recover gracefully from this error, it's best to
delete the erroneous units; e.g., type `2' to delete
two letters. (See Chapter 27 of The TeXbook.)

./plot_all_archs.tex:64: Undefined control sequence.
l.64 ...{\noexpand\cplxaccplot[dotted]{\accarglist
                                                  }}
The control sequence at the end of the top line
of your error message was never \def'ed. If you have
misspelled it (e.g., `\hobx'), type `I' and the correct
spelling (e.g., `I\hbox'). Otherwise just continue,
and I'll forget about whatever was undefined.

./plot_all_archs.tex:65: Undefined control sequence.
\temp ->\cplxaccplot 
                     [dotted]{}
l.65         \temp
                  
The control sequence at the end of the top line
of your error message was never \def'ed. If you have
misspelled it (e.g., `\hobx'), type `I' and the correct
spelling (e.g., `I\hbox'). Otherwise just continue,
and I'll forget about whatever was undefined.

./plot_all_archs.tex:66: Undefined control sequence.
l.66         {./data/mnist/\filename
                                    -eval.dat}
The control sequence at the end of the top line
of your error message was never \def'ed. If you have
misspelled it (e.g., `\hobx'), type `I' and the correct
spelling (e.g., `I\hbox'). Otherwise just continue,
and I'll forget about whatever was undefined.


./plot_all_archs.tex:67: LaTeX Error: \begin{document} ended by \end{axis}.

See the LaTeX manual or LaTeX Companion for explanation.
Type  H <return>  for immediate help.
 ...                                              
                                                  
l.67       \end{axis}
                     
Your command was ignored.
Type  I <command> <return>  to replace it with another command,
or  <return>  to continue without it.


./plot_all_archs.tex:68: LaTeX Error: \begin{document} ended by \end{tikzpicture}.

See the LaTeX manual or LaTeX Companion for explanation.
Type  H <return>  for immediate help.
 ...                                              
                                                  
l.68     \end{tikzpicture}
                          
Your command was ignored.
Type  I <command> <return>  to replace it with another command,
or  <return>  to continue without it.

./plot_all_archs.tex:77: Undefined control sequence.
l.77   \foreach
                \alphacplx/\taucol in \cplxarglist{
The control sequence at the end of the top line
of your error message was never \def'ed. If you have
misspelled it (e.g., `\hobx'), type `I' and the correct
spelling (e.g., `I\hbox'). Otherwise just continue,
and I'll forget about whatever was undefined.

./plot_all_archs.tex:77: Undefined control sequence.
l.77   \foreach \alphacplx
                          /\taucol in \cplxarglist{
The control sequence at the end of the top line
of your error message was never \def'ed. If you have
misspelled it (e.g., `\hobx'), type `I' and the correct
spelling (e.g., `I\hbox'). Otherwise just continue,
and I'll forget about whatever was undefined.

./plot_all_archs.tex:77: Undefined control sequence.
l.77   \foreach \alphacplx/\taucol
                                   in \cplxarglist{
The control sequence at the end of the top line
of your error message was never \def'ed. If you have
misspelled it (e.g., `\hobx'), type `I' and the correct
spelling (e.g., `I\hbox'). Otherwise just continue,
and I'll forget about whatever was undefined.

./plot_all_archs.tex:77: Undefined control sequence.
l.77   \foreach \alphacplx/\taucol in \cplxarglist
                                                  {
The control sequence at the end of the top line
of your error message was never \def'ed. If you have
misspelled it (e.g., `\hobx'), type `I' and the correct
spelling (e.g., `I\hbox'). Otherwise just continue,
and I'll forget about whatever was undefined.


./plot_all_archs.tex:79: LaTeX Error: Environment tikzpicture undefined.

See the LaTeX manual or LaTeX Companion for explanation.
Type  H <return>  for immediate help.
 ...                                              
                                                  
l.79       \begin{tikzpicture}
                              
Your command was ignored.
Type  I <command> <return>  to replace it with another command,
or  <return>  to continue without it.


./plot_all_archs.tex:80: LaTeX Error: Environment axis undefined.

See the LaTeX manual or LaTeX Companion for explanation.
Type  H <return>  for immediate help.
 ...                                              
                                                  
l.80         \begin{axis}
                         [kszsszstack,width=0.45*\linewidth,height=0.25*\lin...
Your command was ignored.
Type  I <command> <return>  to replace it with another command,
or  <return>  to continue without it.

./plot_all_archs.tex:80: Illegal unit of measure (pt inserted).
<to be read again> 
                   h
l.80 ...{axis}[kszsszstack,width=0.45*\linewidth,h
                                                  eight=0.25*\linewidth, tit...
Dimensions can be in units of em, ex, in, pt, pc,
cm, mm, dd, cc, nd, nc, bp, or sp; but yours is a new one!
I'll assume that you meant to say pt, for printer's points.
To recover gracefully from this error, it's best to
delete the erroneous units; e.g., type `2' to delete
two letters. (See Chapter 27 of The TeXbook.)

./plot_all_archs.tex:80: Illegal unit of measure (pt inserted).
<to be read again> 
                   t
l.80 ...0.45*\linewidth,height=0.25*\linewidth, ti
                                                  tle={$\alpha=\alphacplx$, ...
Dimensions can be in units of em, ex, in, pt, pc,
cm, mm, dd, cc, nd, nc, bp, or sp; but yours is a new one!
I'll assume that you meant to say pt, for printer's points.
To recover gracefully from this error, it's best to
delete the erroneous units; e.g., type `2' to delete
two letters. (See Chapter 27 of The TeXbook.)

./plot_all_archs.tex:80: Missing } inserted.
<inserted text> 
                }
l.80 ...linewidth,height=0.25*\linewidth, title={$
                                                  \alpha=\alphacplx$, $\tauc...
I've inserted something that you may have forgotten.
(See the <inserted text> above.)
With luck, this will get me unwedged. But if you
really didn't forget anything, try typing `2' now; then
my insertion and my current dilemma will both disappear.

./plot_all_archs.tex:80: Missing \endgroup inserted.
<inserted text> 
                \endgroup 
l.80 ...linewidth,height=0.25*\linewidth, title={$
                                                  \alpha=\alphacplx$, $\tauc...
I've inserted something that you may have forgotten.
(See the <inserted text> above.)
With luck, this will get me unwedged. But if you
really didn't forget anything, try typing `2' now; then
my insertion and my current dilemma will both disappear.

./plot_all_archs.tex:80: Missing \endgroup inserted.
<inserted text> 
                \endgroup 
l.80 ...linewidth,height=0.25*\linewidth, title={$
                                                  \alpha=\alphacplx$, $\tauc...
I've inserted something that you may have forgotten.
(See the <inserted text> above.)
With luck, this will get me unwedged. But if you
really didn't forget anything, try typing `2' now; then
my insertion and my current dilemma will both disappear.

./plot_all_archs.tex:80: Missing } inserted.
<inserted text> 
                }
l.80 ...linewidth,height=0.25*\linewidth, title={$
                                                  \alpha=\alphacplx$, $\tauc...
I've inserted something that you may have forgotten.
(See the <inserted text> above.)
With luck, this will get me unwedged. But if you
really didn't forget anything, try typing `2' now; then
my insertion and my current dilemma will both disappear.

./plot_all_archs.tex:80: Missing } inserted.
<inserted text> 
                }
l.80 ...linewidth,height=0.25*\linewidth, title={$
                                                  \alpha=\alphacplx$, $\tauc...
I've inserted something that you may have forgotten.
(See the <inserted text> above.)
With luck, this will get me unwedged. But if you
really didn't forget anything, try typing `2' now; then
my insertion and my current dilemma will both disappear.

./plot_all_archs.tex:80: Missing $ inserted.
<inserted text> 
                $
l.80 ...dth,height=0.25*\linewidth, title={$\alpha
                                                  =\alphacplx$, $\taucol$}]
I've inserted a begin-math/end-math symbol since I think
you left one out. Proceed, with fingers crossed.

./plot_all_archs.tex:80: Undefined control sequence.
l.80 ...0.25*\linewidth, title={$\alpha=\alphacplx
                                                  $, $\taucol$}]
The control sequence at the end of the top line
of your error message was never \def'ed. If you have
misspelled it (e.g., `\hobx'), type `I' and the correct
spelling (e.g., `I\hbox'). Otherwise just continue,
and I'll forget about whatever was undefined.

Missing character: There is no , in font nullfont!
./plot_all_archs.tex:80: Undefined control sequence.
<recently read> \taucol 
                        
l.80 ...idth, title={$\alpha=\alphacplx$, $\taucol
                                                  $}]
The control sequence at the end of the top line
of your error message was never \def'ed. If you have
misspelled it (e.g., `\hobx'), type `I' and the correct
spelling (e.g., `I\hbox'). Otherwise just continue,
and I'll forget about whatever was undefined.

Missing character: There is no ] in font nullfont!
./plot_all_archs.tex:81: Undefined control sequence.
l.81           \KszsSzStack
                           {data/mnist/\filename-kernel_szs.dat}{\alphacplx}...
The control sequence at the end of the top line
of your error message was never \def'ed. If you have
misspelled it (e.g., `\hobx'), type `I' and the correct
spelling (e.g., `I\hbox'). Otherwise just continue,
and I'll forget about whatever was undefined.

Missing character: There is no d in font nullfont!
Missing character: There is no a in font nullfont!
Missing character: There is no t in font nullfont!
Missing character: There is no a in font nullfont!
Missing character: There is no / in font nullfont!
Missing character: There is no m in font nullfont!
Missing character: There is no n in font nullfont!
Missing character: There is no i in font nullfont!
Missing character: There is no s in font nullfont!
Missing character: There is no t in font nullfont!
Missing character: There is no / in font nullfont!
./plot_all_archs.tex:81: Undefined control sequence.
l.81           \KszsSzStack{data/mnist/\filename
                                                -kernel_szs.dat}{\alphacplx}...
The control sequence at the end of the top line
of your error message was never \def'ed. If you have
misspelled it (e.g., `\hobx'), type `I' and the correct
spelling (e.g., `I\hbox'). Otherwise just continue,
and I'll forget about whatever was undefined.

Missing character: There is no - in font nullfont!
Missing character: There is no k in font nullfont!
Missing character: There is no e in font nullfont!
Missing character: There is no r in font nullfont!
Missing character: There is no n in font nullfont!
Missing character: There is no e in font nullfont!
Missing character: There is no l in font nullfont!
./plot_all_archs.tex:81: Missing $ inserted.
<inserted text> 
                $
l.81 ... \KszsSzStack{data/mnist/\filename-kernel_
                                                  szs.dat}{\alphacplx}{\tauc...
I've inserted a begin-math/end-math symbol since I think
you left one out. Proceed, with fingers crossed.

./plot_all_archs.tex:81: Extra }, or forgotten $.
l.81 ...Stack{data/mnist/\filename-kernel_szs.dat}
                                                  {\alphacplx}{\taucol}{\max...
I've deleted a group-closing symbol because it seems to be
spurious, as in `$x}$'. But perhaps the } is legitimate and
you forgot something else, as in `\hbox{$x}'. In such cases
the way to recover is to insert both the forgotten and the
deleted material, e.g., by typing `I$}'.

./plot_all_archs.tex:81: Undefined control sequence.
l.81 ...mnist/\filename-kernel_szs.dat}{\alphacplx
                                                  }{\taucol}{\maxsize}
The control sequence at the end of the top line
of your error message was never \def'ed. If you have
misspelled it (e.g., `\hobx'), type `I' and the correct
spelling (e.g., `I\hbox'). Otherwise just continue,
and I'll forget about whatever was undefined.

./plot_all_archs.tex:81: Undefined control sequence.
l.81 ...lename-kernel_szs.dat}{\alphacplx}{\taucol
                                                  }{\maxsize}
The control sequence at the end of the top line
of your error message was never \def'ed. If you have
misspelled it (e.g., `\hobx'), type `I' and the correct
spelling (e.g., `I\hbox'). Otherwise just continue,
and I'll forget about whatever was undefined.

./plot_all_archs.tex:81: Undefined control sequence.
l.81 ...nel_szs.dat}{\alphacplx}{\taucol}{\maxsize
                                                  }
The control sequence at the end of the top line
of your error message was never \def'ed. If you have
misspelled it (e.g., `\hobx'), type `I' and the correct
spelling (e.g., `I\hbox'). Otherwise just continue,
and I'll forget about whatever was undefined.

./plot_all_archs.tex:82: Undefined control sequence.
l.82           \addplot
                       [base arch] coordinates \basearch;
The control sequence at the end of the top line
of your error message was never \def'ed. If you have
misspelled it (e.g., `\hobx'), type `I' and the correct
spelling (e.g., `I\hbox'). Otherwise just continue,
and I'll forget about whatever was undefined.

./plot_all_archs.tex:82: Undefined control sequence.
l.82 ... \addplot[base arch] coordinates \basearch
                                                  ;
The control sequence at the end of the top line
of your error message was never \def'ed. If you have
misspelled it (e.g., `\hobx'), type `I' and the correct
spelling (e.g., `I\hbox'). Otherwise just continue,
and I'll forget about whatever was undefined.


./plot_all_archs.tex:83: LaTeX Error: \begin{document} ended by \end{axis}.

See the LaTeX manual or LaTeX Companion for explanation.
Type  H <return>  for immediate help.
 ...                                              
                                                  
l.83         \end{axis}
                       
Your command was ignored.
Type  I <command> <return>  to replace it with another command,
or  <return>  to continue without it.

./plot_all_archs.tex:83: Missing $ inserted.
<inserted text> 
                $
l.83         \end{axis}
                       
I've inserted something that you may have forgotten.
(See the <inserted text> above.)
With luck, this will get me unwedged. But if you
really didn't forget anything, try typing `2' now; then
my insertion and my current dilemma will both disappear.

./plot_all_archs.tex:83: Missing } inserted.
<inserted text> 
                }
l.83         \end{axis}
                       
I've inserted something that you may have forgotten.
(See the <inserted text> above.)
With luck, this will get me unwedged. But if you
really didn't forget anything, try typing `2' now; then
my insertion and my current dilemma will both disappear.

./plot_all_archs.tex:83: Missing } inserted.
<inserted text> 
                }
l.83         \end{axis}
                       
I've inserted something that you may have forgotten.
(See the <inserted text> above.)
With luck, this will get me unwedged. But if you
really didn't forget anything, try typing `2' now; then
my insertion and my current dilemma will both disappear.

./plot_all_archs.tex:83: Extra \endgroup.
<recently read> \endgroup 
                          
l.83         \end{axis}
                       
Things are pretty mixed up, but I think the worst is over.


./plot_all_archs.tex:84: LaTeX Error: \begin{document} ended by \end{tikzpicture}.

See the LaTeX manual or LaTeX Companion for explanation.
Type  H <return>  for immediate help.
 ...                                              
                                                  
l.84       \end{tikzpicture}
                            
Your command was ignored.
Type  I <command> <return>  to replace it with another command,
or  <return>  to continue without it.

./plot_all_archs.tex:84: Extra \endgroup.
<recently read> \endgroup 
                          
l.84       \end{tikzpicture}
                            
Things are pretty mixed up, but I think the worst is over.

./plot_all_archs.tex:86: Too many }'s.
l.86   }
        
You've closed more groups than you opened.
Such booboos are generally harmless, so keep going.


./plot_all_archs.tex:87: LaTeX Error: The font size command \normalsize is not defined:
               there is probably something wrong with the class file.

See the LaTeX manual or LaTeX Companion for explanation.
Type  H <return>  for immediate help.
 ...                                              
                                                  
l.87   \newpage
               
Your command was ignored.
Type  I <command> <return>  to replace it with another command,
or  <return>  to continue without it.

[1

{/var/lib/texmf/fonts/map/pdftex/updmap/pdftex.map}]
./plot_all_archs.tex:88: Too many }'s.
l.88 }
      
You've closed more groups than you opened.
Such booboos are generally harmless, so keep going.

)
! Emergency stop.
<*> plot_all_archs.tex
                      
*** (job aborted, no legal \end found)

 
Here is how much of TeX's memory you used:
 17 strings out of 494985
 278 string characters out of 6180356
 47094 words of memory out of 5000000
 3332 multiletter control sequences out of 15000+600000
 3640 words of font info for 14 fonts, out of 8000000 for 9000
 36 hyphenation exceptions out of 8191
 18i,4n,12p,308b,113s stack positions out of 5000i,500n,10000p,200000b,80000s
!  ==> Fatal error occurred, no output PDF file produced!
